<?xml version="1.0" encoding="UTF-8"?>
<testsuite name="com.huni.book.springboot.web.PostsApiControllerTest" tests="2" skipped="0" failures="0" errors="0" timestamp="2021-05-23T05:19:50" hostname="DESKTOP-6V4OKIL" time="0.09">
  <properties/>
  <testcase name="Posts_등록된다()" classname="com.huni.book.springboot.web.PostsApiControllerTest" time="0.064"/>
  <testcase name="Posts_수정된다()" classname="com.huni.book.springboot.web.PostsApiControllerTest" time="0.026"/>
  <system-out><![CDATA[2021-05-23 14:19:48.733  INFO 8592 --- [    Test worker] .b.t.c.SpringBootTestContextBootstrapper : Neither @ContextConfiguration nor @ContextHierarchy found for test class [com.huni.book.springboot.web.PostsApiControllerTest], using SpringBootContextLoader
2021-05-23 14:19:48.734  INFO 8592 --- [    Test worker] o.s.t.c.support.AbstractContextLoader    : Could not detect default resource locations for test class [com.huni.book.springboot.web.PostsApiControllerTest]: no resource found for suffixes {-context.xml, Context.groovy}.
2021-05-23 14:19:48.734  INFO 8592 --- [    Test worker] t.c.s.AnnotationConfigContextLoaderUtils : Could not detect default configuration classes for test class [com.huni.book.springboot.web.PostsApiControllerTest]: PostsApiControllerTest does not declare any static, non-private, non-final, nested classes annotated with @Configuration.
2021-05-23 14:19:48.736  INFO 8592 --- [    Test worker] .b.t.c.SpringBootTestContextBootstrapper : Found @SpringBootConfiguration com.huni.book.springboot.Application for test class com.huni.book.springboot.web.PostsApiControllerTest
2021-05-23 14:19:48.738  INFO 8592 --- [    Test worker] .b.t.c.SpringBootTestContextBootstrapper : Loaded default TestExecutionListener class names from location [META-INF/spring.factories]: [org.springframework.security.test.context.support.WithSecurityContextTestExecutionListener, org.springframework.security.test.context.support.ReactorContextTestExecutionListener, org.springframework.boot.test.autoconfigure.restdocs.RestDocsTestExecutionListener, org.springframework.boot.test.autoconfigure.web.client.MockRestServiceServerResetTestExecutionListener, org.springframework.boot.test.autoconfigure.web.servlet.MockMvcPrintOnlyOnFailureTestExecutionListener, org.springframework.boot.test.autoconfigure.web.servlet.WebDriverTestExecutionListener, org.springframework.boot.test.autoconfigure.webservices.client.MockWebServiceServerTestExecutionListener, org.springframework.boot.test.mock.mockito.MockitoTestExecutionListener, org.springframework.boot.test.mock.mockito.ResetMocksTestExecutionListener, org.springframework.test.context.web.ServletTestExecutionListener, org.springframework.test.context.support.DirtiesContextBeforeModesTestExecutionListener, org.springframework.test.context.support.DependencyInjectionTestExecutionListener, org.springframework.test.context.support.DirtiesContextTestExecutionListener, org.springframework.test.context.transaction.TransactionalTestExecutionListener, org.springframework.test.context.jdbc.SqlScriptsTestExecutionListener, org.springframework.test.context.event.EventPublishingTestExecutionListener]
2021-05-23 14:19:48.739  INFO 8592 --- [    Test worker] .b.t.c.SpringBootTestContextBootstrapper : Using TestExecutionListeners: [org.springframework.test.context.web.ServletTestExecutionListener@7fc29c20, org.springframework.test.context.support.DirtiesContextBeforeModesTestExecutionListener@1894aeb8, org.springframework.boot.test.mock.mockito.MockitoTestExecutionListener@f937dd5, org.springframework.boot.test.autoconfigure.SpringBootDependencyInjectionTestExecutionListener@453fc7a1, org.springframework.test.context.support.DirtiesContextTestExecutionListener@2ef770ba, org.springframework.test.context.transaction.TransactionalTestExecutionListener@13abeab2, org.springframework.test.context.jdbc.SqlScriptsTestExecutionListener@74240c7, org.springframework.security.test.context.support.WithSecurityContextTestExecutionListener@3cfb9d41, org.springframework.test.context.event.EventPublishingTestExecutionListener@299c48c4, org.springframework.security.test.context.support.ReactorContextTestExecutionListener@652ec93f, org.springframework.boot.test.autoconfigure.restdocs.RestDocsTestExecutionListener@70fff925, org.springframework.boot.test.autoconfigure.web.client.MockRestServiceServerResetTestExecutionListener@100e63ee, org.springframework.boot.test.autoconfigure.web.servlet.MockMvcPrintOnlyOnFailureTestExecutionListener@5b1fd343, org.springframework.boot.test.autoconfigure.web.servlet.WebDriverTestExecutionListener@486b9e2e, org.springframework.boot.test.autoconfigure.webservices.client.MockWebServiceServerTestExecutionListener@475260d7, org.springframework.boot.test.mock.mockito.ResetMocksTestExecutionListener@24207ac0]

  .   ____          _            __ _ _
 /\\ / ___'_ __ _ _(_)_ __  __ _ \ \ \ \
( ( )\___ | '_ | '_| | '_ \/ _` | \ \ \ \
 \\/  ___)| |_)| | | | | || (_| |  ) ) ) )
  '  |____| .__|_| |_|_| |_\__, | / / / /
 =========|_|==============|___/=/_/_/_/
 :: Spring Boot ::                (v2.4.1)

2021-05-23 14:19:48.764  INFO 8592 --- [    Test worker] c.h.b.s.web.PostsApiControllerTest       : Starting PostsApiControllerTest using Java 11.0.10 on DESKTOP-6V4OKIL with PID 8592 (started by Hun in C:\Users\Hun\Desktop\project\intellij)
2021-05-23 14:19:48.764  INFO 8592 --- [    Test worker] c.h.b.s.web.PostsApiControllerTest       : The following profiles are active: oauth
2021-05-23 14:19:48.990  INFO 8592 --- [    Test worker] .s.d.r.c.RepositoryConfigurationDelegate : Bootstrapping Spring Data JPA repositories in DEFAULT mode.
2021-05-23 14:19:49.020  INFO 8592 --- [    Test worker] .s.d.r.c.RepositoryConfigurationDelegate : Finished Spring Data repository scanning in 29 ms. Found 2 JPA repository interfaces.
2021-05-23 14:19:49.198  INFO 8592 --- [    Test worker] o.s.b.w.embedded.tomcat.TomcatWebServer  : Tomcat initialized with port(s): 8080 (http)
2021-05-23 14:19:49.198  INFO 8592 --- [    Test worker] o.apache.catalina.core.StandardService   : Starting service [Tomcat]
2021-05-23 14:19:49.199  INFO 8592 --- [    Test worker] org.apache.catalina.core.StandardEngine  : Starting Servlet engine: [Apache Tomcat/9.0.41]
2021-05-23 14:19:49.242  INFO 8592 --- [    Test worker] o.a.c.c.C.[Tomcat-1].[localhost].[/]     : Initializing Spring embedded WebApplicationContext
2021-05-23 14:19:49.242  INFO 8592 --- [    Test worker] w.s.c.ServletWebServerApplicationContext : Root WebApplicationContext: initialization completed in 475 ms
2021-05-23 14:19:49.283  INFO 8592 --- [    Test worker] com.zaxxer.hikari.HikariDataSource       : HikariPool-3 - Starting...
2021-05-23 14:19:49.284  INFO 8592 --- [    Test worker] com.zaxxer.hikari.HikariDataSource       : HikariPool-3 - Start completed.
2021-05-23 14:19:49.285  INFO 8592 --- [    Test worker] o.s.b.a.h2.H2ConsoleAutoConfiguration    : H2 console available at '/h2-console'. Database available at 'jdbc:h2:mem:testdb'
2021-05-23 14:19:49.433  INFO 8592 --- [    Test worker] o.hibernate.jpa.internal.util.LogHelper  : HHH000204: Processing PersistenceUnitInfo [name: default]
2021-05-23 14:19:49.446  INFO 8592 --- [    Test worker] org.hibernate.dialect.Dialect            : HHH000400: Using dialect: org.hibernate.dialect.MySQL57Dialect
Hibernate: drop table if exists posts
Hibernate: drop table if exists user
Hibernate: create table posts (id bigint not null auto_increment, created_date datetime(6), modified_date datetime(6), author varchar(255), content TEXT not null, title varchar(500) not null, primary key (id)) engine=InnoDB
Hibernate: create table user (id bigint not null auto_increment, created_date datetime(6), modified_date datetime(6), email varchar(255) not null, name varchar(255) not null, picture varchar(255), role varchar(255) not null, primary key (id)) engine=InnoDB
2021-05-23 14:19:49.500  INFO 8592 --- [    Test worker] o.h.e.t.j.p.i.JtaPlatformInitiator       : HHH000490: Using JtaPlatform implementation: [org.hibernate.engine.transaction.jta.platform.internal.NoJtaPlatform]
2021-05-23 14:19:49.500  INFO 8592 --- [    Test worker] j.LocalContainerEntityManagerFactoryBean : Initialized JPA EntityManagerFactory for persistence unit 'default'
2021-05-23 14:19:49.692  WARN 8592 --- [    Test worker] JpaBaseConfiguration$JpaWebConfiguration : spring.jpa.open-in-view is enabled by default. Therefore, database queries may be performed during view rendering. Explicitly configure spring.jpa.open-in-view to disable this warning
2021-05-23 14:19:49.886  INFO 8592 --- [    Test worker] o.s.s.web.DefaultSecurityFilterChain     : Will secure any request with [org.springframework.security.web.context.request.async.WebAsyncManagerIntegrationFilter@35f1ba0, org.springframework.security.web.context.SecurityContextPersistenceFilter@3b91a60, org.springframework.security.web.header.HeaderWriterFilter@666459a, org.springframework.security.web.authentication.logout.LogoutFilter@5d90ea2, org.springframework.security.oauth2.client.web.OAuth2AuthorizationRequestRedirectFilter@5e7ed59c, org.springframework.security.oauth2.client.web.OAuth2LoginAuthenticationFilter@70a328ea, org.springframework.security.web.authentication.ui.DefaultLoginPageGeneratingFilter@596332e8, org.springframework.security.web.authentication.ui.DefaultLogoutPageGeneratingFilter@33fb681c, org.springframework.security.web.savedrequest.RequestCacheAwareFilter@1680219d, org.springframework.security.web.servletapi.SecurityContextHolderAwareRequestFilter@22fefc42, org.springframework.security.web.authentication.AnonymousAuthenticationFilter@1b0199ca, org.springframework.security.web.session.SessionManagementFilter@7cc0e4d9, org.springframework.security.web.access.ExceptionTranslationFilter@32d4ef0d, org.springframework.security.web.access.intercept.FilterSecurityInterceptor@7f29e7b0]
2021-05-23 14:19:49.991  INFO 8592 --- [    Test worker] o.s.s.concurrent.ThreadPoolTaskExecutor  : Initializing ExecutorService 'applicationTaskExecutor'
2021-05-23 14:19:50.024  INFO 8592 --- [    Test worker] o.s.b.a.w.s.WelcomePageHandlerMapping    : Adding welcome page template: index
2021-05-23 14:19:50.220  INFO 8592 --- [    Test worker] o.s.b.w.embedded.tomcat.TomcatWebServer  : Tomcat started on port(s): 8080 (http) with context path ''
2021-05-23 14:19:50.223  INFO 8592 --- [    Test worker] s.a.ScheduledAnnotationBeanPostProcessor : No TaskScheduler/ScheduledExecutorService bean found for scheduled processing
2021-05-23 14:19:50.223  INFO 8592 --- [    Test worker] c.h.b.s.web.PostsApiControllerTest       : Started PostsApiControllerTest in 1.482 seconds (JVM running for 12.994)
2021-05-23 14:19:50.234  INFO 8592 --- [    Test worker] o.a.c.c.C.[Tomcat-1].[localhost].[/]     : Initializing Spring TestDispatcherServlet ''
2021-05-23 14:19:50.234  INFO 8592 --- [    Test worker] o.s.t.web.servlet.TestDispatcherServlet  : Initializing Servlet ''
2021-05-23 14:19:50.235  INFO 8592 --- [    Test worker] o.s.t.web.servlet.TestDispatcherServlet  : Completed initialization in 1 ms
Hibernate: insert into posts (created_date, modified_date, author, content, title) values (?, ?, ?, ?, ?)
Hibernate: select posts0_.id as id1_0_, posts0_.created_date as created_2_0_, posts0_.modified_date as modified3_0_, posts0_.author as author4_0_, posts0_.content as content5_0_, posts0_.title as title6_0_ from posts posts0_
Hibernate: select posts0_.id as id1_0_, posts0_.created_date as created_2_0_, posts0_.modified_date as modified3_0_, posts0_.author as author4_0_, posts0_.content as content5_0_, posts0_.title as title6_0_ from posts posts0_
Hibernate: delete from posts where id=?
2021-05-23 14:19:50.294  INFO 8592 --- [    Test worker] o.a.c.c.C.[Tomcat-1].[localhost].[/]     : Initializing Spring TestDispatcherServlet ''
2021-05-23 14:19:50.294  INFO 8592 --- [    Test worker] o.s.t.web.servlet.TestDispatcherServlet  : Initializing Servlet ''
2021-05-23 14:19:50.295  INFO 8592 --- [    Test worker] o.s.t.web.servlet.TestDispatcherServlet  : Completed initialization in 1 ms
Hibernate: insert into posts (created_date, modified_date, author, content, title) values (?, ?, ?, ?, ?)
Hibernate: select posts0_.id as id1_0_0_, posts0_.created_date as created_2_0_0_, posts0_.modified_date as modified3_0_0_, posts0_.author as author4_0_0_, posts0_.content as content5_0_0_, posts0_.title as title6_0_0_ from posts posts0_ where posts0_.id=?
Hibernate: update posts set created_date=?, modified_date=?, author=?, content=?, title=? where id=?
Hibernate: select posts0_.id as id1_0_, posts0_.created_date as created_2_0_, posts0_.modified_date as modified3_0_, posts0_.author as author4_0_, posts0_.content as content5_0_, posts0_.title as title6_0_ from posts posts0_
Hibernate: select posts0_.id as id1_0_, posts0_.created_date as created_2_0_, posts0_.modified_date as modified3_0_, posts0_.author as author4_0_, posts0_.content as content5_0_, posts0_.title as title6_0_ from posts posts0_
Hibernate: delete from posts where id=?
]]></system-out>
  <system-err><![CDATA[]]></system-err>
</testsuite>
